0 info it worked if it ends with ok
1 verbose cli [ '/Users/imac/.nvm/versions/node/v6.11.2/bin/node',
1 verbose cli   '/Users/imac/.nvm/versions/node/v6.11.2/bin/npm',
1 verbose cli   'run',
1 verbose cli   'auto-start' ]
2 info using npm@3.10.10
3 info using node@v6.11.2
4 verbose run-script [ 'preauto-start', 'auto-start', 'postauto-start' ]
5 info lifecycle first-app@0.0.0~preauto-start: first-app@0.0.0
6 silly lifecycle first-app@0.0.0~preauto-start: no script for preauto-start, continuing
7 info lifecycle first-app@0.0.0~auto-start: first-app@0.0.0
8 verbose lifecycle first-app@0.0.0~auto-start: unsafe-perm in lifecycle true
9 verbose lifecycle first-app@0.0.0~auto-start: PATH: /Users/imac/.nvm/versions/node/v6.11.2/lib/node_modules/npm/bin/node-gyp-bin:/Users/imac/project/node/first-app/node_modules/.bin:/Users/imac/.rvm/gems/ruby-2.3.1/bin:/Users/imac/.rvm/gems/ruby-2.3.1@global/bin:/Users/imac/.rvm/rubies/ruby-2.3.1/bin:/Users/imac/.nvm/versions/node/v6.11.2/bin:/usr/local/bin:/usr/bin:/bin:/usr/sbin:/sbin:/Users/imac/.rvm/bin
10 verbose lifecycle first-app@0.0.0~auto-start: CWD: /Users/imac/project/node/first-app
11 silly lifecycle first-app@0.0.0~auto-start: Args: [ '-c', '/node_modules/.bin/node-supervisor node ./bin/www' ]
12 info lifecycle first-app@0.0.0~auto-start: Failed to exec auto-start script
13 verbose stack Error: first-app@0.0.0 auto-start: `/node_modules/.bin/node-supervisor node ./bin/www`
13 verbose stack spawn ENOENT
13 verbose stack     at ChildProcess.<anonymous> (/Users/imac/.nvm/versions/node/v6.11.2/lib/node_modules/npm/lib/utils/spawn.js:33:16)
13 verbose stack     at emitTwo (events.js:106:13)
13 verbose stack     at ChildProcess.emit (events.js:191:7)
13 verbose stack     at maybeClose (internal/child_process.js:891:16)
13 verbose stack     at Process.ChildProcess._handle.onexit (internal/child_process.js:226:5)
14 verbose pkgid first-app@0.0.0
15 verbose cwd /Users/imac/project/node/first-app
16 error Darwin 16.7.0
17 error argv "/Users/imac/.nvm/versions/node/v6.11.2/bin/node" "/Users/imac/.nvm/versions/node/v6.11.2/bin/npm" "run" "auto-start"
18 error node v6.11.2
19 error npm  v3.10.10
20 error file sh
21 error code ELIFECYCLE
22 error errno ENOENT
23 error syscall spawn
24 error first-app@0.0.0 auto-start: `/node_modules/.bin/node-supervisor node ./bin/www`
24 error spawn ENOENT
25 error Failed at the first-app@0.0.0 auto-start script '/node_modules/.bin/node-supervisor node ./bin/www'.
25 error Make sure you have the latest version of node.js and npm installed.
25 error If you do, this is most likely a problem with the first-app package,
25 error not with npm itself.
25 error Tell the author that this fails on your system:
25 error     /node_modules/.bin/node-supervisor node ./bin/www
25 error You can get information on how to open an issue for this project with:
25 error     npm bugs first-app
25 error Or if that isn't available, you can get their info via:
25 error     npm owner ls first-app
25 error There is likely additional logging output above.
26 verbose exit [ 1, true ]
